ARImageTracer/androidBuild/unityLibrary/build/intermediates/manifest_merge_blame_file/debug/manifest-merger-blame-debug-report.txt
1<?xml version="1.0" encoding="utf-8"?>
2<manifest xmlns:android="http://schemas.android.com/apk/res/android"
3    xmlns:tools="http://schemas.android.com/tools"
4    package="com.unity3d.player" >
5
6    <uses-sdk
7        android:minSdkVersion="24"
7-->src\main\AndroidManifest.xml
8        android:targetSdkVersion="30" />
8-->src\main\AndroidManifest.xml
9
10    <uses-feature android:glEsVersion="0x00030000" />
10-->src\main\AndroidManifest.xml:14:3-52
10-->src\main\AndroidManifest.xml:14:17-49
11
12    <uses-permission android:name="android.permission.INTERNET" />
12-->src\main\AndroidManifest.xml:15:3-65
12-->src\main\AndroidManifest.xml:15:20-62
13
14    <uses-feature
14-->src\main\AndroidManifest.xml:16:3-88
15        android:name="android.hardware.touchscreen"
15-->src\main\AndroidManifest.xml:16:17-60
16        android:required="false" />
16-->src\main\AndroidManifest.xml:16:61-85
17    <uses-feature
17-->src\main\AndroidManifest.xml:17:3-99
18        android:name="android.hardware.touchscreen.multitouch"
18-->src\main\AndroidManifest.xml:17:17-71
19        android:required="false" />
19-->src\main\AndroidManifest.xml:17:72-96
20    <uses-feature
20-->src\main\AndroidManifest.xml:18:3-108
21        android:name="android.hardware.touchscreen.multitouch.distinct"
21-->src\main\AndroidManifest.xml:18:17-80
22        android:required="false" />
22-->src\main\AndroidManifest.xml:18:81-105
23
24    <uses-permission android:name="android.permission.CAMERA" />
24-->src\main\AndroidManifest.xml:19:3-63
24-->src\main\AndroidManifest.xml:19:20-60
25
26    <uses-feature
26-->src\main\AndroidManifest.xml:20:3-85
27        android:name="android.hardware.camera.ar"
27-->src\main\AndroidManifest.xml:20:17-58
28        android:required="true" />
28-->src\main\AndroidManifest.xml:20:59-82
29
30    <application>
30-->src\main\AndroidManifest.xml:2:3-13:17
31        <activity
31-->src\main\AndroidManifest.xml:3:5-6:16
32            android:name="com.unity3d.player.UnityPlayerActivity"
32-->src\main\AndroidManifest.xml:3:15-68
33            android:configChanges="mcc|mnc|locale|touchscreen|keyboard|keyboardHidden|navigation|orientation|screenLayout|uiMode|screenSize|smallestScreenSize|fontScale|layoutDirection|density"
33-->src\main\AndroidManifest.xml:3:69-250
34            android:hardwareAccelerated="true"
34-->src\main\AndroidManifest.xml:3:251-285
35            android:launchMode="singleInstance"
35-->src\main\AndroidManifest.xml:3:286-321
36            android:process=":unityProcess"
36-->src\main\AndroidManifest.xml:3:322-353
37            android:screenOrientation="portrait"
37-->src\main\AndroidManifest.xml:3:354-390
38            android:taskAffinity="com.unity3d.player"
38-->src\main\AndroidManifest.xml:3:391-432
39            android:theme="@style/UnityThemeSelector" >
39-->src\main\AndroidManifest.xml:3:433-474
40            <meta-data
40-->src\main\AndroidManifest.xml:4:7-82
41                android:name="unityplayer.UnityActivity"
41-->src\main\AndroidManifest.xml:4:18-58
42                android:value="true" />
42-->src\main\AndroidManifest.xml:4:59-79
43            <meta-data
43-->src\main\AndroidManifest.xml:5:7-78
44                android:name="android.notch_support"
44-->src\main\AndroidManifest.xml:5:18-54
45                android:value="true" />
45-->src\main\AndroidManifest.xml:5:55-75
46        </activity>
47
48        <meta-data
48-->src\main\AndroidManifest.xml:7:5-69
49            android:name="unity.splash-mode"
49-->src\main\AndroidManifest.xml:7:16-48
50            android:value="0" />
50-->src\main\AndroidManifest.xml:7:49-66
51        <meta-data
51-->src\main\AndroidManifest.xml:8:5-74
52            android:name="unity.splash-enable"
52-->src\main\AndroidManifest.xml:8:16-50
53            android:value="True" />
53-->src\main\AndroidManifest.xml:8:51-71
54        <meta-data
54-->src\main\AndroidManifest.xml:9:5-81
55            android:name="notch.config"
55-->src\main\AndroidManifest.xml:9:16-43
56            android:value="portrait|landscape" />
56-->src\main\AndroidManifest.xml:9:44-78
57        <meta-data
57-->src\main\AndroidManifest.xml:10:5-101
58            android:name="unity.build-id"
58-->src\main\AndroidManifest.xml:10:16-45
59            android:value="3501e109-0c68-46b2-819a-2bac5f86462e" />
59-->src\main\AndroidManifest.xml:10:46-98
60        <meta-data
60-->src\main\AndroidManifest.xml:11:5-88
61            android:name="unityplayer.SkipPermissionsDialog"
61-->src\main\AndroidManifest.xml:11:16-64
62            android:value="true" />
62-->src\main\AndroidManifest.xml:11:65-85
63        <meta-data
63-->src\main\AndroidManifest.xml:12:5-77
64            android:name="com.google.ar.core"
64-->src\main\AndroidManifest.xml:12:16-49
65            android:value="optional" />
65-->src\main\AndroidManifest.xml:12:50-74
66    </application>
67
68</manifest>